# JRE version: Java(TM) SE Runtime Environment (21.0.2+13) (build 21.0.2+13-LTS-58)
# Java VM: Java HotSpot(TM) 64-Bit Server VM (21.0.2+13-LTS-58, mixed mode, sharing, tiered, compressed oops, compressed class ptrs, g1 gc, windows-amd64)
GC Precious Log:
 CardTable entry size: 512
 Card Set container configuration: InlinePtr #cards 4 size 8 Array Of Cards #cards 32 size 80 Howl #buckets 8 coarsen threshold 7372 Howl Bitmap #cards 1024 size 144 coarsen threshold 921 Card regions per heap region 1 cards per card region 8192
 CPUs: 20 total, 20 available
 Memory: 32508M
 Large Page Support: Disabled
 NUMA Support: Disabled
 Compressed Oops: Enabled (Zero based)
 Heap Region Size: 4M
 Heap Min Capacity: 8M
 Heap Initial Capacity: 508M
 Heap Max Capacity: 8128M
 Pre-touch: Disabled
 Parallel Workers: 15
 Concurrent Workers: 4
 Concurrent Refinement Workers: 15
 Periodic GC: Disabled
Heap:
 garbage-first heap   total 1654784K, used 645252K [0x0000000604000000, 0x0000000800000000)
  region size 4096K, 59 young (241664K), 22 survivors (90112K)
 Metaspace       used 151099K, committed 152512K, reserved 1245184K
  class space    used 19090K, committed 19776K, reserved 1048576K
GC Heap History (20 events):
Event: 188.164 GC heap before
{Heap before GC invocations=85 (full 2):
 garbage-first heap   total 1150976K, used 881788K [0x0000000604000000, 0x0000000800000000)
  region size 4096K, 168 young (688128K), 9 survivors (36864K)
 Metaspace       used 147300K, committed 148672K, reserved 1179648K
  class space    used 18867K, committed 19520K, reserved 1048576K
}
Event: 188.180 GC heap after
{Heap after GC invocations=86 (full 2):
 garbage-first heap   total 1150976K, used 276583K [0x0000000604000000, 0x0000000800000000)
  region size 4096K, 20 young (81920K), 20 survivors (81920K)
 Metaspace       used 147300K, committed 148672K, reserved 1179648K
  class space    used 18867K, committed 19520K, reserved 1048576K
}
Event: 188.409 GC heap before
{Heap before GC invocations=86 (full 2):
 garbage-first heap   total 1150976K, used 878695K [0x0000000604000000, 0x0000000800000000)
  region size 4096K, 168 young (688128K), 20 survivors (81920K)
 Metaspace       used 147300K, committed 148672K, reserved 1179648K
  class space    used 18867K, committed 19520K, reserved 1048576K
}
Event: 188.433 GC heap after
{Heap after GC invocations=87 (full 2):
 garbage-first heap   total 1150976K, used 313886K [0x0000000604000000, 0x0000000800000000)
  region size 4096K, 21 young (86016K), 21 survivors (86016K)
 Metaspace       used 147300K, committed 148672K, reserved 1179648K
  class space    used 18867K, committed 19520K, reserved 1048576K
}
Event: 188.648 GC heap before
{Heap before GC invocations=87 (full 2):
 garbage-first heap   total 1150976K, used 911902K [0x0000000604000000, 0x0000000800000000)
  region size 4096K, 168 young (688128K), 21 survivors (86016K)
 Metaspace       used 147300K, committed 148672K, reserved 1179648K
  class space    used 18867K, committed 19520K, reserved 1048576K
}
Event: 188.669 GC heap after
{Heap after GC invocations=88 (full 2):
 garbage-first heap   total 1150976K, used 358521K [0x0000000604000000, 0x0000000800000000)
  region size 4096K, 21 young (86016K), 21 survivors (86016K)
 Metaspace       used 147300K, committed 148672K, reserved 1179648K
  class space    used 18867K, committed 19520K, reserved 1048576K
}
Event: 189.507 GC heap before
{Heap before GC invocations=89 (full 2):
 garbage-first heap   total 1150976K, used 964729K [0x0000000604000000, 0x0000000800000000)
  region size 4096K, 168 young (688128K), 21 survivors (86016K)
 Metaspace       used 147338K, committed 148672K, reserved 1179648K
  class space    used 18875K, committed 19520K, reserved 1048576K
}
Event: 189.542 GC heap after
{Heap after GC invocations=90 (full 2):
 garbage-first heap   total 1150976K, used 430671K [0x0000000604000000, 0x0000000800000000)
  region size 4096K, 21 young (86016K), 21 survivors (86016K)
 Metaspace       used 147338K, committed 148672K, reserved 1179648K
  class space    used 18875K, committed 19520K, reserved 1048576K
}
Event: 189.751 GC heap before
{Heap before GC invocations=90 (full 2):
 garbage-first heap   total 1150976K, used 959055K [0x0000000604000000, 0x0000000800000000)
  region size 4096K, 151 young (618496K), 21 survivors (86016K)
 Metaspace       used 147338K, committed 148672K, reserved 1179648K
  class space    used 18875K, committed 19520K, reserved 1048576K
}
Event: 189.778 GC heap after
{Heap after GC invocations=91 (full 2):
 garbage-first heap   total 1150976K, used 475045K [0x0000000604000000, 0x0000000800000000)
  region size 4096K, 10 young (40960K), 10 survivors (40960K)
 Metaspace       used 147338K, committed 148672K, reserved 1179648K
  class space    used 18875K, committed 19520K, reserved 1048576K
}
Event: 189.986 GC heap before
{Heap before GC invocations=91 (full 2):
 garbage-first heap   total 1150976K, used 987045K [0x0000000604000000, 0x0000000800000000)
  region size 4096K, 136 young (557056K), 10 survivors (40960K)
 Metaspace       used 147339K, committed 148672K, reserved 1179648K
  class space    used 18875K, committed 19520K, reserved 1048576K
}
Event: 190.003 GC heap after
{Heap after GC invocations=92 (full 2):
 garbage-first heap   total 2093056K, used 508948K [0x0000000604000000, 0x0000000800000000)
  region size 4096K, 17 young (69632K), 17 survivors (69632K)
 Metaspace       used 147339K, committed 148672K, reserved 1179648K
  class space    used 18875K, committed 19520K, reserved 1048576K
}
Event: 190.359 GC heap before
{Heap before GC invocations=93 (full 2):
 garbage-first heap   total 1654784K, used 1299476K [0x0000000604000000, 0x0000000800000000)
  region size 4096K, 242 young (991232K), 17 survivors (69632K)
 Metaspace       used 147339K, committed 148672K, reserved 1179648K
  class space    used 18875K, committed 19520K, reserved 1048576K
}
Event: 190.380 GC heap after
{Heap after GC invocations=94 (full 2):
 garbage-first heap   total 1654784K, used 447419K [0x0000000604000000, 0x0000000800000000)
  region size 4096K, 25 young (102400K), 25 survivors (102400K)
 Metaspace       used 147339K, committed 148672K, reserved 1179648K
  class space    used 18875K, committed 19520K, reserved 1048576K
}
Event: 190.705 GC heap before
{Heap before GC invocations=94 (full 2):
 garbage-first heap   total 1654784K, used 1332155K [0x0000000604000000, 0x0000000800000000)
  region size 4096K, 242 young (991232K), 25 survivors (102400K)
 Metaspace       used 147339K, committed 148672K, reserved 1179648K
  class space    used 18875K, committed 19520K, reserved 1048576K
}
Event: 190.735 GC heap after
{Heap after GC invocations=95 (full 2):
 garbage-first heap   total 1654784K, used 425958K [0x0000000604000000, 0x0000000800000000)
  region size 4096K, 31 young (126976K), 31 survivors (126976K)
 Metaspace       used 147339K, committed 148672K, reserved 1179648K
  class space    used 18875K, committed 19520K, reserved 1048576K
}
Event: 190.793 GC heap before
{Heap before GC invocations=95 (full 2):
 garbage-first heap   total 1654784K, used 602086K [0x0000000604000000, 0x0000000800000000)
  region size 4096K, 76 young (311296K), 31 survivors (126976K)
 Metaspace       used 147339K, committed 148672K, reserved 1179648K
  class space    used 18875K, committed 19520K, reserved 1048576K
}
Event: 190.821 GC heap after
{Heap after GC invocations=96 (full 2):
 garbage-first heap   total 1654784K, used 445668K [0x0000000604000000, 0x0000000800000000)
  region size 4096K, 20 young (81920K), 20 survivors (81920K)
 Metaspace       used 147339K, committed 148672K, reserved 1179648K
  class space    used 18875K, committed 19520K, reserved 1048576K
}
Event: 195.520 GC heap before
{Heap before GC invocations=97 (full 2):
 garbage-first heap   total 1654784K, used 1359076K [0x0000000604000000, 0x0000000800000000)
  region size 4096K, 242 young (991232K), 20 survivors (81920K)
 Metaspace       used 150429K, committed 151872K, reserved 1245184K
  class space    used 19067K, committed 19776K, reserved 1048576K
}
Event: 195.547 GC heap after
{Heap after GC invocations=98 (full 2):
 garbage-first heap   total 1654784K, used 497796K [0x0000000604000000, 0x0000000800000000)
  region size 4096K, 22 young (90112K), 22 survivors (90112K)
 Metaspace       used 150429K, committed 151872K, reserved 1245184K
  class space    used 19067K, committed 19776K, reserved 1048576K
}

